2025-01-26 16:07:23 [main] INFO  com.Senla.BuySell.BuySellApplication - Приложение BuySell запускается...
2025-01-26 16:07:23 [main] INFO  com.Senla.BuySell.BuySellApplication - Starting BuySellApplication using Java 22.0.1 with PID 1132 (C:\Users\magic\IdeaProjects\BuySell\target\classes started by magic in C:\Users\magic\IdeaProjects\BuySell)
2025-01-26 16:07:23 [main] DEBUG com.Senla.BuySell.BuySellApplication - Running with Spring Boot v3.3.5, Spring v6.1.14
2025-01-26 16:07:23 [main] INFO  com.Senla.BuySell.BuySellApplication - No active profile set, falling back to 1 default profile: "default"
2025-01-26 16:07:26 [main] DEBUG com.Senla.BuySell.security.JwtRequestFilter - Filter 'jwtRequestFilter' configured for use
2025-01-26 16:07:32 [main] INFO  com.Senla.BuySell.BuySellApplication - Started BuySellApplication in 9.3 seconds (process running for 10.405)
2025-01-26 16:07:32 [main] INFO  com.Senla.BuySell.BuySellApplication - Приложение BuySell успешно запущено.
2025-01-26 16:08:27 [http-nio-8080-exec-3] ERROR com.Senla.BuySell.exceptions.GlobalExceptionHandler - Внутренняя ошибка сервера: Request method 'GET' is not supported
2025-01-26 16:08:35 [http-nio-8080-exec-5] ERROR com.Senla.BuySell.exceptions.GlobalExceptionHandler - Внутренняя ошибка сервера: Request method 'GET' is not supported
2025-01-26 16:09:49 [main] INFO  com.Senla.BuySell.BuySellApplication - Приложение BuySell запускается...
2025-01-26 16:09:50 [main] INFO  com.Senla.BuySell.BuySellApplication - Starting BuySellApplication using Java 22.0.1 with PID 2368 (C:\Users\magic\IdeaProjects\BuySell\target\classes started by magic in C:\Users\magic\IdeaProjects\BuySell)
2025-01-26 16:09:50 [main] DEBUG com.Senla.BuySell.BuySellApplication - Running with Spring Boot v3.3.5, Spring v6.1.14
2025-01-26 16:09:50 [main] INFO  com.Senla.BuySell.BuySellApplication - No active profile set, falling back to 1 default profile: "default"
2025-01-26 16:09:52 [main] DEBUG com.Senla.BuySell.security.JwtRequestFilter - Filter 'jwtRequestFilter' configured for use
2025-01-26 16:09:57 [main] INFO  com.Senla.BuySell.BuySellApplication - Started BuySellApplication in 7.784 seconds (process running for 8.736)
2025-01-26 16:09:57 [main] INFO  com.Senla.BuySell.BuySellApplication - Приложение BuySell успешно запущено.
2025-01-26 16:21:26 [main] INFO  com.Senla.BuySell.BuySellApplication - Приложение BuySell запускается...
2025-01-26 16:21:26 [main] INFO  com.Senla.BuySell.BuySellApplication - Starting BuySellApplication using Java 22.0.1 with PID 2268 (C:\Users\magic\IdeaProjects\BuySell\target\classes started by magic in C:\Users\magic\IdeaProjects\BuySell)
2025-01-26 16:21:26 [main] DEBUG com.Senla.BuySell.BuySellApplication - Running with Spring Boot v3.3.5, Spring v6.1.14
2025-01-26 16:21:26 [main] INFO  com.Senla.BuySell.BuySellApplication - No active profile set, falling back to 1 default profile: "default"
2025-01-26 16:21:29 [main] DEBUG com.Senla.BuySell.security.JwtRequestFilter - Filter 'jwtRequestFilter' configured for use
2025-01-26 16:21:33 [main] INFO  com.Senla.BuySell.BuySellApplication - Started BuySellApplication in 7.809 seconds (process running for 8.859)
2025-01-26 16:21:33 [main] INFO  com.Senla.BuySell.BuySellApplication - Приложение BuySell успешно запущено.
2025-01-26 16:24:57 [main] INFO  com.Senla.BuySell.BuySellApplication - Приложение BuySell запускается...
2025-01-26 16:24:58 [main] INFO  com.Senla.BuySell.BuySellApplication - Starting BuySellApplication using Java 22.0.1 with PID 10864 (C:\Users\magic\IdeaProjects\BuySell\target\classes started by magic in C:\Users\magic\IdeaProjects\BuySell)
2025-01-26 16:24:58 [main] DEBUG com.Senla.BuySell.BuySellApplication - Running with Spring Boot v3.3.5, Spring v6.1.14
2025-01-26 16:24:58 [main] INFO  com.Senla.BuySell.BuySellApplication - No active profile set, falling back to 1 default profile: "default"
2025-01-26 16:25:00 [main] DEBUG com.Senla.BuySell.security.JwtRequestFilter - Filter 'jwtRequestFilter' configured for use
2025-01-26 16:25:06 [main] INFO  com.Senla.BuySell.BuySellApplication - Started BuySellApplication in 9.015 seconds (process running for 10.061)
2025-01-26 16:25:06 [main] INFO  com.Senla.BuySell.BuySellApplication - Приложение BuySell успешно запущено.
2025-01-26 16:25:40 [main] INFO  com.Senla.BuySell.BuySellApplication - Приложение BuySell запускается...
2025-01-26 16:25:40 [main] INFO  com.Senla.BuySell.BuySellApplication - Starting BuySellApplication using Java 22.0.1 with PID 7736 (C:\Users\magic\IdeaProjects\BuySell\target\classes started by magic in C:\Users\magic\IdeaProjects\BuySell)
2025-01-26 16:25:40 [main] DEBUG com.Senla.BuySell.BuySellApplication - Running with Spring Boot v3.3.5, Spring v6.1.14
2025-01-26 16:25:40 [main] INFO  com.Senla.BuySell.BuySellApplication - No active profile set, falling back to 1 default profile: "default"
2025-01-26 16:25:42 [main] DEBUG com.Senla.BuySell.security.JwtRequestFilter - Filter 'jwtRequestFilter' configured for use
2025-01-26 16:25:49 [main] INFO  com.Senla.BuySell.BuySellApplication - Started BuySellApplication in 8.916 seconds (process running for 9.812)
2025-01-26 16:25:49 [main] INFO  com.Senla.BuySell.BuySellApplication - Приложение BuySell успешно запущено.
2025-01-26 16:26:24 [http-nio-8080-exec-1] INFO  com.Senla.BuySell.controller.AuthController - Попытка аутентификации для пользователя: dima
2025-01-26 16:26:24 [http-nio-8080-exec-1] DEBUG com.Senla.BuySell.controller.AuthController - Аутентификация пользователя dima в методе authenticateUser
2025-01-26 16:26:24 [http-nio-8080-exec-1] INFO  com.Senla.BuySell.controller.AuthController - Аутентификация успешна для пользователя: dima
2025-01-26 16:26:24 [http-nio-8080-exec-1] DEBUG com.Senla.BuySell.controller.AuthController - JWT токен успешно сгенерирован для пользователя: dima
2025-01-26 16:34:10 [main] INFO  com.Senla.BuySell.BuySellApplicationTest - Starting BuySellApplicationTest using Java 22.0.1 with PID 8008 (started by magic in C:\Users\magic\IdeaProjects\BuySell)
2025-01-26 16:34:10 [main] DEBUG com.Senla.BuySell.BuySellApplicationTest - Running with Spring Boot v3.3.5, Spring v6.1.14
2025-01-26 16:34:10 [main] INFO  com.Senla.BuySell.BuySellApplicationTest - No active profile set, falling back to 1 default profile: "default"
2025-01-26 16:34:18 [main] INFO  com.Senla.BuySell.BuySellApplicationTest - Started BuySellApplicationTest in 7.89 seconds (process running for 9.279)
2025-01-26 16:34:18 [main] INFO  com.Senla.BuySell.BuySellApplication - Приложение BuySell запускается...
2025-01-26 16:34:18 [main] INFO  com.Senla.BuySell.BuySellApplication - Starting BuySellApplication using Java 22.0.1 with PID 8008 (started by magic in C:\Users\magic\IdeaProjects\BuySell)
2025-01-26 16:34:18 [main] DEBUG com.Senla.BuySell.BuySellApplication - Running with Spring Boot v3.3.5, Spring v6.1.14
2025-01-26 16:34:18 [main] INFO  com.Senla.BuySell.BuySellApplication - No active profile set, falling back to 1 default profile: "default"
2025-01-26 16:34:19 [main] DEBUG com.Senla.BuySell.security.JwtRequestFilter - Filter 'jwtRequestFilter' configured for use
2025-01-26 16:34:20 [main] INFO  com.Senla.BuySell.BuySellApplication - Started BuySellApplication in 1.424 seconds (process running for 10.948)
2025-01-26 16:34:20 [main] INFO  com.Senla.BuySell.BuySellApplication - Приложение BuySell успешно запущено.
2025-01-26 16:36:06 [main] INFO  com.Senla.BuySell.BuySellApplicationTest - Starting BuySellApplicationTest using Java 22.0.1 with PID 10092 (started by magic in C:\Users\magic\IdeaProjects\BuySell)
2025-01-26 16:36:06 [main] DEBUG com.Senla.BuySell.BuySellApplicationTest - Running with Spring Boot v3.3.5, Spring v6.1.14
2025-01-26 16:36:06 [main] INFO  com.Senla.BuySell.BuySellApplicationTest - No active profile set, falling back to 1 default profile: "default"
2025-01-26 16:36:13 [main] INFO  com.Senla.BuySell.BuySellApplicationTest - Started BuySellApplicationTest in 7.353 seconds (process running for 8.868)
2025-01-26 16:36:14 [main] INFO  com.Senla.BuySell.BuySellApplication - Приложение BuySell запускается...
2025-01-26 16:36:14 [main] INFO  com.Senla.BuySell.BuySellApplication - Starting BuySellApplication using Java 22.0.1 with PID 10092 (started by magic in C:\Users\magic\IdeaProjects\BuySell)
2025-01-26 16:36:14 [main] DEBUG com.Senla.BuySell.BuySellApplication - Running with Spring Boot v3.3.5, Spring v6.1.14
2025-01-26 16:36:14 [main] INFO  com.Senla.BuySell.BuySellApplication - No active profile set, falling back to 1 default profile: "default"
2025-01-26 16:36:14 [main] DEBUG com.Senla.BuySell.security.JwtRequestFilter - Filter 'jwtRequestFilter' configured for use
2025-01-26 16:36:15 [main] INFO  com.Senla.BuySell.BuySellApplication - Started BuySellApplication in 1.511 seconds (process running for 10.613)
2025-01-26 16:36:15 [main] INFO  com.Senla.BuySell.BuySellApplication - Приложение BuySell успешно запущено.
2025-01-26 16:46:34 [main] INFO  com.Senla.BuySell.BuySellApplication - Приложение BuySell запускается...
2025-01-26 16:46:34 [main] INFO  com.Senla.BuySell.BuySellApplication - Starting BuySellApplication v0.0.1 using Java 22.0.1 with PID 5916 (C:\Users\magic\IdeaProjects\BuySell\target\BuySell-0.0.1.jar started by magic in C:\Users\magic\IdeaProjects\BuySell)
2025-01-26 16:46:34 [main] DEBUG com.Senla.BuySell.BuySellApplication - Running with Spring Boot v3.3.5, Spring v6.1.14
2025-01-26 16:46:34 [main] INFO  com.Senla.BuySell.BuySellApplication - No active profile set, falling back to 1 default profile: "default"
2025-01-26 16:46:36 [main] DEBUG com.Senla.BuySell.security.JwtRequestFilter - Filter 'jwtRequestFilter' configured for use
2025-01-26 16:46:42 [main] INFO  com.Senla.BuySell.BuySellApplication - Started BuySellApplication in 7.905 seconds (process running for 9.041)
2025-01-26 16:46:42 [main] INFO  com.Senla.BuySell.BuySellApplication - Приложение BuySell успешно запущено.
2025-01-26 18:03:38 [main] INFO  com.Senla.BuySell.BuySellApplicationTest - Starting BuySellApplicationTest using Java 22.0.1 with PID 13220 (started by magic in C:\Users\magic\IdeaProjects\BuySell)
2025-01-26 18:03:38 [main] DEBUG com.Senla.BuySell.BuySellApplicationTest - Running with Spring Boot v3.3.5, Spring v6.1.14
2025-01-26 18:03:38 [main] INFO  com.Senla.BuySell.BuySellApplicationTest - No active profile set, falling back to 1 default profile: "default"
2025-01-26 18:04:26 [main] INFO  com.Senla.BuySell.BuySellApplicationTest - Starting BuySellApplicationTest using Java 22.0.1 with PID 11328 (started by magic in C:\Users\magic\IdeaProjects\BuySell)
2025-01-26 18:04:26 [main] DEBUG com.Senla.BuySell.BuySellApplicationTest - Running with Spring Boot v3.3.5, Spring v6.1.14
2025-01-26 18:04:26 [main] INFO  com.Senla.BuySell.BuySellApplicationTest - No active profile set, falling back to 1 default profile: "default"
2025-01-26 18:05:00 [main] INFO  com.Senla.BuySell.BuySellApplicationTest - Starting BuySellApplicationTest using Java 22.0.1 with PID 11232 (started by magic in C:\Users\magic\IdeaProjects\BuySell)
2025-01-26 18:05:00 [main] DEBUG com.Senla.BuySell.BuySellApplicationTest - Running with Spring Boot v3.3.5, Spring v6.1.14
2025-01-26 18:05:00 [main] INFO  com.Senla.BuySell.BuySellApplicationTest - No active profile set, falling back to 1 default profile: "default"
2025-01-26 18:06:30 [main] INFO  com.Senla.BuySell.BuySellApplicationTest - Starting BuySellApplicationTest using Java 22.0.1 with PID 12788 (started by magic in C:\Users\magic\IdeaProjects\BuySell)
2025-01-26 18:06:30 [main] DEBUG com.Senla.BuySell.BuySellApplicationTest - Running with Spring Boot v3.3.5, Spring v6.1.14
2025-01-26 18:06:30 [main] INFO  com.Senla.BuySell.BuySellApplicationTest - No active profile set, falling back to 1 default profile: "default"
2025-01-26 18:10:22 [main] INFO  com.Senla.BuySell.BuySellApplication - Приложение BuySell запускается...
2025-01-26 18:10:23 [main] INFO  com.Senla.BuySell.BuySellApplication - Starting BuySellApplication using Java 22.0.1 with PID 11928 (C:\Users\magic\IdeaProjects\BuySell\target\classes started by magic in C:\Users\magic\IdeaProjects\BuySell)
2025-01-26 18:10:23 [main] DEBUG com.Senla.BuySell.BuySellApplication - Running with Spring Boot v3.3.5, Spring v6.1.14
2025-01-26 18:10:23 [main] INFO  com.Senla.BuySell.BuySellApplication - No active profile set, falling back to 1 default profile: "default"
2025-01-26 18:10:26 [main] DEBUG com.Senla.BuySell.security.JwtRequestFilter - Filter 'jwtRequestFilter' configured for use
2025-01-26 18:11:07 [main] INFO  com.Senla.BuySell.BuySellApplication - Приложение BuySell запускается...
2025-01-26 18:11:07 [main] INFO  com.Senla.BuySell.BuySellApplication - Starting BuySellApplication using Java 22.0.1 with PID 1828 (C:\Users\magic\IdeaProjects\BuySell\target\classes started by magic in C:\Users\magic\IdeaProjects\BuySell)
2025-01-26 18:11:07 [main] DEBUG com.Senla.BuySell.BuySellApplication - Running with Spring Boot v3.3.5, Spring v6.1.14
2025-01-26 18:11:07 [main] INFO  com.Senla.BuySell.BuySellApplication - No active profile set, falling back to 1 default profile: "default"
2025-01-26 18:11:09 [main] DEBUG com.Senla.BuySell.security.JwtRequestFilter - Filter 'jwtRequestFilter' configured for use
2025-01-26 18:12:38 [main] INFO  com.Senla.BuySell.BuySellApplication - Приложение BuySell запускается...
2025-01-26 18:12:39 [main] INFO  com.Senla.BuySell.BuySellApplication - Starting BuySellApplication using Java 22.0.1 with PID 11360 (C:\Users\magic\IdeaProjects\BuySell\target\classes started by magic in C:\Users\magic\IdeaProjects\BuySell)
2025-01-26 18:12:39 [main] DEBUG com.Senla.BuySell.BuySellApplication - Running with Spring Boot v3.3.5, Spring v6.1.14
2025-01-26 18:12:39 [main] INFO  com.Senla.BuySell.BuySellApplication - No active profile set, falling back to 1 default profile: "default"
2025-01-26 18:12:41 [main] DEBUG com.Senla.BuySell.security.JwtRequestFilter - Filter 'jwtRequestFilter' configured for use
2025-01-26 18:20:21 [main] INFO  com.Senla.BuySell.BuySellApplication - Приложение BuySell запускается...
2025-01-26 18:20:21 [main] INFO  com.Senla.BuySell.BuySellApplication - Starting BuySellApplication using Java 22.0.1 with PID 2040 (C:\Users\magic\IdeaProjects\BuySell\target\classes started by magic in C:\Users\magic\IdeaProjects\BuySell)
2025-01-26 18:20:21 [main] DEBUG com.Senla.BuySell.BuySellApplication - Running with Spring Boot v3.3.5, Spring v6.1.14
2025-01-26 18:20:21 [main] INFO  com.Senla.BuySell.BuySellApplication - No active profile set, falling back to 1 default profile: "default"
2025-01-26 18:20:25 [main] DEBUG com.Senla.BuySell.security.JwtRequestFilter - Filter 'jwtRequestFilter' configured for use
2025-01-26 18:20:35 [main] INFO  com.Senla.BuySell.BuySellApplication - Started BuySellApplication in 14.567 seconds (process running for 15.698)
2025-01-26 18:20:35 [main] INFO  com.Senla.BuySell.BuySellApplication - Приложение BuySell успешно запущено.
2025-01-26 18:21:04 [main] INFO  com.Senla.BuySell.BuySellApplicationTest - Starting BuySellApplicationTest using Java 22.0.1 with PID 4364 (started by magic in C:\Users\magic\IdeaProjects\BuySell)
2025-01-26 18:21:04 [main] DEBUG com.Senla.BuySell.BuySellApplicationTest - Running with Spring Boot v3.3.5, Spring v6.1.14
2025-01-26 18:21:04 [main] INFO  com.Senla.BuySell.BuySellApplicationTest - No active profile set, falling back to 1 default profile: "default"
2025-01-26 18:21:13 [main] INFO  com.Senla.BuySell.BuySellApplicationTest - Started BuySellApplicationTest in 9.815 seconds (process running for 11.425)
2025-01-26 18:21:13 [main] INFO  com.Senla.BuySell.BuySellApplication - Приложение BuySell запускается...
2025-01-26 18:21:13 [main] INFO  com.Senla.BuySell.BuySellApplication - Starting BuySellApplication using Java 22.0.1 with PID 4364 (started by magic in C:\Users\magic\IdeaProjects\BuySell)
2025-01-26 18:21:13 [main] DEBUG com.Senla.BuySell.BuySellApplication - Running with Spring Boot v3.3.5, Spring v6.1.14
2025-01-26 18:21:13 [main] INFO  com.Senla.BuySell.BuySellApplication - No active profile set, falling back to 1 default profile: "default"
2025-01-26 18:21:14 [main] DEBUG com.Senla.BuySell.security.JwtRequestFilter - Filter 'jwtRequestFilter' configured for use
2025-01-26 18:21:15 [main] INFO  com.Senla.BuySell.BuySellApplication - Started BuySellApplication in 1.679 seconds (process running for 13.369)
2025-01-26 18:21:15 [main] INFO  com.Senla.BuySell.BuySellApplication - Приложение BuySell успешно запущено.
2025-01-26 18:30:54 [main] INFO  com.Senla.BuySell.BuySellApplicationTest - Starting BuySellApplicationTest using Java 22.0.1 with PID 4064 (started by magic in C:\Users\magic\IdeaProjects\BuySell)
2025-01-26 18:30:54 [main] DEBUG com.Senla.BuySell.BuySellApplicationTest - Running with Spring Boot v3.3.5, Spring v6.1.14
2025-01-26 18:30:54 [main] INFO  com.Senla.BuySell.BuySellApplicationTest - No active profile set, falling back to 1 default profile: "default"
2025-01-26 18:33:38 [main] INFO  com.Senla.BuySell.BuySellApplicationTest - Starting BuySellApplicationTest using Java 22.0.1 with PID 12816 (started by magic in C:\Users\magic\IdeaProjects\BuySell)
2025-01-26 18:33:38 [main] DEBUG com.Senla.BuySell.BuySellApplicationTest - Running with Spring Boot v3.3.5, Spring v6.1.14
2025-01-26 18:33:38 [main] INFO  com.Senla.BuySell.BuySellApplicationTest - The following 1 profile is active: "dev"
2025-01-26 18:33:46 [main] INFO  com.Senla.BuySell.BuySellApplicationTest - Started BuySellApplicationTest in 8.493 seconds (process running for 10.102)
2025-01-26 18:33:46 [main] INFO  com.Senla.BuySell.BuySellApplication - Приложение BuySell запускается...
2025-01-26 18:33:46 [main] INFO  com.Senla.BuySell.BuySellApplication - Starting BuySellApplication using Java 22.0.1 with PID 12816 (started by magic in C:\Users\magic\IdeaProjects\BuySell)
2025-01-26 18:33:46 [main] DEBUG com.Senla.BuySell.BuySellApplication - Running with Spring Boot v3.3.5, Spring v6.1.14
2025-01-26 18:33:46 [main] INFO  com.Senla.BuySell.BuySellApplication - The following 1 profile is active: "dev"
2025-01-26 18:33:47 [main] DEBUG com.Senla.BuySell.security.JwtRequestFilter - Filter 'jwtRequestFilter' configured for use
2025-01-26 18:33:48 [main] INFO  com.Senla.BuySell.BuySellApplication - Started BuySellApplication in 1.903 seconds (process running for 12.276)
2025-01-26 18:33:48 [main] INFO  com.Senla.BuySell.BuySellApplication - Приложение BuySell успешно запущено.
2025-01-26 18:46:24 [main] INFO  com.Senla.BuySell.BuySellApplicationTest - Starting BuySellApplicationTest using Java 22.0.1 with PID 3736 (started by magic in C:\Users\magic\IdeaProjects\BuySell)
2025-01-26 18:46:24 [main] DEBUG com.Senla.BuySell.BuySellApplicationTest - Running with Spring Boot v3.3.5, Spring v6.1.14
2025-01-26 18:46:24 [main] INFO  com.Senla.BuySell.BuySellApplicationTest - No active profile set, falling back to 1 default profile: "default"
2025-01-26 18:46:32 [main] INFO  com.Senla.BuySell.BuySellApplicationTest - Started BuySellApplicationTest in 8.2 seconds (process running for 9.78)
2025-01-26 18:46:32 [main] INFO  com.Senla.BuySell.BuySellApplication - Приложение BuySell запускается...
2025-01-26 18:46:32 [main] INFO  com.Senla.BuySell.BuySellApplication - Starting BuySellApplication using Java 22.0.1 with PID 3736 (started by magic in C:\Users\magic\IdeaProjects\BuySell)
2025-01-26 18:46:32 [main] DEBUG com.Senla.BuySell.BuySellApplication - Running with Spring Boot v3.3.5, Spring v6.1.14
2025-01-26 18:46:32 [main] INFO  com.Senla.BuySell.BuySellApplication - No active profile set, falling back to 1 default profile: "default"
2025-01-26 18:46:33 [main] DEBUG com.Senla.BuySell.security.JwtRequestFilter - Filter 'jwtRequestFilter' configured for use
2025-01-26 18:46:34 [main] INFO  com.Senla.BuySell.BuySellApplication - Started BuySellApplication in 2.021 seconds (process running for 12.059)
2025-01-26 18:46:34 [main] INFO  com.Senla.BuySell.BuySellApplication - Приложение BuySell успешно запущено.
2025-01-26 19:12:59 [main] INFO  com.Senla.BuySell.BuySellApplicationTest - Starting BuySellApplicationTest using Java 22.0.1 with PID 12576 (started by magic in C:\Users\magic\IdeaProjects\BuySell)
2025-01-26 19:12:59 [main] DEBUG com.Senla.BuySell.BuySellApplicationTest - Running with Spring Boot v3.3.5, Spring v6.1.14
2025-01-26 19:12:59 [main] INFO  com.Senla.BuySell.BuySellApplicationTest - No active profile set, falling back to 1 default profile: "default"
2025-01-26 19:13:48 [main] INFO  com.Senla.BuySell.BuySellApplicationTest - Starting BuySellApplicationTest using Java 22.0.1 with PID 6556 (started by magic in C:\Users\magic\IdeaProjects\BuySell)
2025-01-26 19:13:48 [main] DEBUG com.Senla.BuySell.BuySellApplicationTest - Running with Spring Boot v3.3.5, Spring v6.1.14
2025-01-26 19:13:48 [main] INFO  com.Senla.BuySell.BuySellApplicationTest - No active profile set, falling back to 1 default profile: "default"
2025-01-26 19:25:05 [main] INFO  com.Senla.BuySell.BuySellApplicationTest - Starting BuySellApplicationTest using Java 22.0.1 with PID 10004 (started by magic in C:\Users\magic\IdeaProjects\BuySell)
2025-01-26 19:25:05 [main] DEBUG com.Senla.BuySell.BuySellApplicationTest - Running with Spring Boot v3.3.5, Spring v6.1.14
2025-01-26 19:25:05 [main] INFO  com.Senla.BuySell.BuySellApplicationTest - No active profile set, falling back to 1 default profile: "default"
2025-01-26 19:25:13 [main] INFO  com.Senla.BuySell.BuySellApplicationTest - Started BuySellApplicationTest in 8.493 seconds (process running for 10.146)
2025-01-26 19:25:13 [main] INFO  com.Senla.BuySell.BuySellApplication - Приложение BuySell запускается...
2025-01-26 19:25:13 [main] INFO  com.Senla.BuySell.BuySellApplication - Starting BuySellApplication using Java 22.0.1 with PID 10004 (started by magic in C:\Users\magic\IdeaProjects\BuySell)
2025-01-26 19:25:13 [main] DEBUG com.Senla.BuySell.BuySellApplication - Running with Spring Boot v3.3.5, Spring v6.1.14
2025-01-26 19:25:13 [main] INFO  com.Senla.BuySell.BuySellApplication - No active profile set, falling back to 1 default profile: "default"
2025-01-26 19:25:14 [main] DEBUG com.Senla.BuySell.security.JwtRequestFilter - Filter 'jwtRequestFilter' configured for use
2025-01-26 19:25:15 [main] INFO  com.Senla.BuySell.BuySellApplication - Started BuySellApplication in 1.564 seconds (process running for 11.966)
2025-01-26 19:25:15 [main] INFO  com.Senla.BuySell.BuySellApplication - Приложение BuySell успешно запущено.
2025-01-26 19:36:11 [main] INFO  com.Senla.BuySell.BuySellApplicationTest - Starting BuySellApplicationTest using Java 22.0.1 with PID 11404 (started by magic in C:\Users\magic\IdeaProjects\BuySell)
2025-01-26 19:36:11 [main] DEBUG com.Senla.BuySell.BuySellApplicationTest - Running with Spring Boot v3.3.5, Spring v6.1.14
2025-01-26 19:36:11 [main] INFO  com.Senla.BuySell.BuySellApplicationTest - No active profile set, falling back to 1 default profile: "default"
2025-01-26 19:36:19 [main] INFO  com.Senla.BuySell.BuySellApplicationTest - Started BuySellApplicationTest in 8.032 seconds (process running for 9.561)
2025-01-26 19:36:19 [main] INFO  com.Senla.BuySell.BuySellApplication - Приложение BuySell запускается...
2025-01-26 19:36:19 [main] INFO  com.Senla.BuySell.BuySellApplication - Starting BuySellApplication using Java 22.0.1 with PID 11404 (started by magic in C:\Users\magic\IdeaProjects\BuySell)
2025-01-26 19:36:19 [main] DEBUG com.Senla.BuySell.BuySellApplication - Running with Spring Boot v3.3.5, Spring v6.1.14
2025-01-26 19:36:19 [main] INFO  com.Senla.BuySell.BuySellApplication - No active profile set, falling back to 1 default profile: "default"
2025-01-26 19:36:20 [main] DEBUG com.Senla.BuySell.security.JwtRequestFilter - Filter 'jwtRequestFilter' configured for use
2025-01-26 19:36:21 [main] INFO  com.Senla.BuySell.BuySellApplication - Started BuySellApplication in 2.149 seconds (process running for 12.01)
2025-01-26 19:36:21 [main] INFO  com.Senla.BuySell.BuySellApplication - Приложение BuySell успешно запущено.
2025-01-26 19:36:28 [main] INFO  com.Senla.BuySell.BuySellApplication - Приложение BuySell запускается...
2025-01-26 19:36:28 [main] INFO  com.Senla.BuySell.BuySellApplication - Starting BuySellApplication v0.0.1 using Java 22.0.1 with PID 11420 (C:\Users\magic\IdeaProjects\BuySell\target\BuySell-0.0.1.jar started by magic in C:\Users\magic\IdeaProjects\BuySell)
2025-01-26 19:36:28 [main] DEBUG com.Senla.BuySell.BuySellApplication - Running with Spring Boot v3.3.5, Spring v6.1.14
2025-01-26 19:36:28 [main] INFO  com.Senla.BuySell.BuySellApplication - No active profile set, falling back to 1 default profile: "default"
2025-01-26 19:36:31 [main] DEBUG com.Senla.BuySell.security.JwtRequestFilter - Filter 'jwtRequestFilter' configured for use
2025-01-26 19:36:38 [main] INFO  com.Senla.BuySell.BuySellApplication - Started BuySellApplication in 9.919 seconds (process running for 11.13)
2025-01-26 19:36:38 [main] INFO  com.Senla.BuySell.BuySellApplication - Приложение BuySell успешно запущено.
2025-01-26 19:42:44 [http-nio-8080-exec-5] INFO  com.Senla.BuySell.controller.UserController - Запрос на получение списка всех пользователей
2025-01-26 19:42:44 [http-nio-8080-exec-5] INFO  com.Senla.BuySell.controller.UserController - Список всех пользователей успешно получен. Количество пользователей: 8
2025-01-27 13:37:50 [main] INFO  com.Senla.BuySell.BuySellApplication - Приложение BuySell запускается...
2025-01-27 13:37:51 [main] INFO  com.Senla.BuySell.BuySellApplication - Starting BuySellApplication v0.0.1 using Java 22.0.1 with PID 8388 (C:\Users\magic\IdeaProjects\BuySell\target\BuySell-0.0.1.jar started by magic in C:\Users\magic\IdeaProjects\BuySell)
2025-01-27 13:37:51 [main] DEBUG com.Senla.BuySell.BuySellApplication - Running with Spring Boot v3.3.5, Spring v6.1.14
2025-01-27 13:37:51 [main] INFO  com.Senla.BuySell.BuySellApplication - No active profile set, falling back to 1 default profile: "default"
2025-01-27 13:37:53 [main] DEBUG com.Senla.BuySell.security.JwtRequestFilter - Filter 'jwtRequestFilter' configured for use
2025-01-27 13:38:24 [main] INFO  com.Senla.BuySell.BuySellApplicationTest - Starting BuySellApplicationTest using Java 22.0.1 with PID 4532 (started by magic in C:\Users\magic\IdeaProjects\BuySell)
2025-01-27 13:38:24 [main] DEBUG com.Senla.BuySell.BuySellApplicationTest - Running with Spring Boot v3.3.5, Spring v6.1.14
2025-01-27 13:38:24 [main] INFO  com.Senla.BuySell.BuySellApplicationTest - No active profile set, falling back to 1 default profile: "default"
2025-01-27 13:38:32 [main] INFO  com.Senla.BuySell.BuySellApplicationTest - Started BuySellApplicationTest in 8.753 seconds (process running for 10.406)
2025-01-27 13:38:33 [main] INFO  com.Senla.BuySell.BuySellApplication - Приложение BuySell запускается...
2025-01-27 13:38:33 [main] INFO  com.Senla.BuySell.BuySellApplication - Starting BuySellApplication using Java 22.0.1 with PID 4532 (started by magic in C:\Users\magic\IdeaProjects\BuySell)
2025-01-27 13:38:33 [main] DEBUG com.Senla.BuySell.BuySellApplication - Running with Spring Boot v3.3.5, Spring v6.1.14
2025-01-27 13:38:33 [main] INFO  com.Senla.BuySell.BuySellApplication - No active profile set, falling back to 1 default profile: "default"
2025-01-27 13:38:33 [main] DEBUG com.Senla.BuySell.security.JwtRequestFilter - Filter 'jwtRequestFilter' configured for use
2025-01-27 13:38:34 [main] INFO  com.Senla.BuySell.BuySellApplication - Started BuySellApplication in 1.587 seconds (process running for 12.272)
2025-01-27 13:38:34 [main] INFO  com.Senla.BuySell.BuySellApplication - Приложение BuySell успешно запущено.
2025-01-27 13:38:40 [main] INFO  com.Senla.BuySell.BuySellApplication - Приложение BuySell запускается...
2025-01-27 13:38:41 [main] INFO  com.Senla.BuySell.BuySellApplication - Starting BuySellApplication v0.0.1 using Java 22.0.1 with PID 5928 (C:\Users\magic\IdeaProjects\BuySell\target\BuySell-0.0.1.jar started by magic in C:\Users\magic\IdeaProjects\BuySell)
2025-01-27 13:38:41 [main] DEBUG com.Senla.BuySell.BuySellApplication - Running with Spring Boot v3.3.5, Spring v6.1.14
2025-01-27 13:38:41 [main] INFO  com.Senla.BuySell.BuySellApplication - No active profile set, falling back to 1 default profile: "default"
2025-01-27 13:38:43 [main] DEBUG com.Senla.BuySell.security.JwtRequestFilter - Filter 'jwtRequestFilter' configured for use
2025-01-27 13:38:49 [main] INFO  com.Senla.BuySell.BuySellApplication - Started BuySellApplication in 8.584 seconds (process running for 9.728)
2025-01-27 13:38:49 [main] INFO  com.Senla.BuySell.BuySellApplication - Приложение BuySell успешно запущено.
2025-01-27 13:40:54 [main] INFO  com.Senla.BuySell.BuySellApplication - Приложение BuySell запускается...
2025-01-27 13:40:54 [main] INFO  com.Senla.BuySell.BuySellApplication - Starting BuySellApplication v0.0.1 using Java 22.0.1 with PID 2908 (C:\Users\magic\IdeaProjects\BuySell\target\BuySell-0.0.1.jar started by magic in C:\Users\magic\IdeaProjects\BuySell)
2025-01-27 13:40:54 [main] DEBUG com.Senla.BuySell.BuySellApplication - Running with Spring Boot v3.3.5, Spring v6.1.14
2025-01-27 13:40:54 [main] INFO  com.Senla.BuySell.BuySellApplication - No active profile set, falling back to 1 default profile: "default"
2025-01-27 13:40:57 [main] DEBUG com.Senla.BuySell.security.JwtRequestFilter - Filter 'jwtRequestFilter' configured for use
2025-01-27 13:41:04 [main] INFO  com.Senla.BuySell.BuySellApplication - Started BuySellApplication in 10.363 seconds (process running for 11.518)
2025-01-27 13:41:04 [main] INFO  com.Senla.BuySell.BuySellApplication - Приложение BuySell успешно запущено.
2025-01-27 13:49:36 [main] INFO  com.Senla.BuySell.BuySellApplicationTest - Starting BuySellApplicationTest using Java 22.0.1 with PID 10820 (started by magic in C:\Users\magic\IdeaProjects\BuySell)
2025-01-27 13:49:36 [main] DEBUG com.Senla.BuySell.BuySellApplicationTest - Running with Spring Boot v3.3.5, Spring v6.1.14
2025-01-27 13:49:36 [main] INFO  com.Senla.BuySell.BuySellApplicationTest - No active profile set, falling back to 1 default profile: "default"
2025-01-27 13:49:44 [main] INFO  com.Senla.BuySell.BuySellApplicationTest - Started BuySellApplicationTest in 8.542 seconds (process running for 10.089)
2025-01-27 13:49:45 [main] INFO  com.Senla.BuySell.BuySellApplication - Приложение BuySell запускается...
2025-01-27 13:49:45 [main] INFO  com.Senla.BuySell.BuySellApplication - Starting BuySellApplication using Java 22.0.1 with PID 10820 (started by magic in C:\Users\magic\IdeaProjects\BuySell)
2025-01-27 13:49:45 [main] DEBUG com.Senla.BuySell.BuySellApplication - Running with Spring Boot v3.3.5, Spring v6.1.14
2025-01-27 13:49:45 [main] INFO  com.Senla.BuySell.BuySellApplication - No active profile set, falling back to 1 default profile: "default"
2025-01-27 13:49:45 [main] DEBUG com.Senla.BuySell.security.JwtRequestFilter - Filter 'jwtRequestFilter' configured for use
2025-01-27 13:49:46 [main] INFO  com.Senla.BuySell.BuySellApplication - Started BuySellApplication in 1.61 seconds (process running for 11.957)
2025-01-27 13:49:46 [main] INFO  com.Senla.BuySell.BuySellApplication - Приложение BuySell успешно запущено.
2025-01-27 13:51:59 [main] INFO  com.Senla.BuySell.BuySellApplicationTest - Starting BuySellApplicationTest using Java 22.0.1 with PID 3376 (started by magic in C:\Users\magic\IdeaProjects\BuySell)
2025-01-27 13:51:59 [main] DEBUG com.Senla.BuySell.BuySellApplicationTest - Running with Spring Boot v3.3.5, Spring v6.1.14
2025-01-27 13:51:59 [main] INFO  com.Senla.BuySell.BuySellApplicationTest - No active profile set, falling back to 1 default profile: "default"
2025-01-27 13:52:07 [main] INFO  com.Senla.BuySell.BuySellApplicationTest - Started BuySellApplicationTest in 8.381 seconds (process running for 10.144)
2025-01-27 13:52:08 [main] INFO  com.Senla.BuySell.BuySellApplication - Приложение BuySell запускается...
2025-01-27 13:52:08 [main] INFO  com.Senla.BuySell.BuySellApplication - Starting BuySellApplication using Java 22.0.1 with PID 3376 (started by magic in C:\Users\magic\IdeaProjects\BuySell)
2025-01-27 13:52:08 [main] DEBUG com.Senla.BuySell.BuySellApplication - Running with Spring Boot v3.3.5, Spring v6.1.14
2025-01-27 13:52:08 [main] INFO  com.Senla.BuySell.BuySellApplication - No active profile set, falling back to 1 default profile: "default"
2025-01-27 13:52:08 [main] DEBUG com.Senla.BuySell.security.JwtRequestFilter - Filter 'jwtRequestFilter' configured for use
2025-01-27 13:52:09 [main] INFO  com.Senla.BuySell.BuySellApplication - Started BuySellApplication in 1.715 seconds (process running for 12.125)
2025-01-27 13:52:09 [main] INFO  com.Senla.BuySell.BuySellApplication - Приложение BuySell успешно запущено.
2025-01-27 13:53:03 [main] INFO  com.Senla.BuySell.BuySellApplicationTest - Starting BuySellApplicationTest using Java 22.0.1 with PID 16100 (started by magic in C:\Users\magic\IdeaProjects\BuySell)
2025-01-27 13:53:03 [main] DEBUG com.Senla.BuySell.BuySellApplicationTest - Running with Spring Boot v3.3.5, Spring v6.1.14
2025-01-27 13:53:03 [main] INFO  com.Senla.BuySell.BuySellApplicationTest - No active profile set, falling back to 1 default profile: "default"
2025-01-27 13:53:11 [main] INFO  com.Senla.BuySell.BuySellApplicationTest - Started BuySellApplicationTest in 8.251 seconds (process running for 9.826)
2025-01-27 13:53:11 [main] INFO  com.Senla.BuySell.BuySellApplication - Приложение BuySell запускается...
2025-01-27 13:53:11 [main] INFO  com.Senla.BuySell.BuySellApplication - Starting BuySellApplication using Java 22.0.1 with PID 16100 (started by magic in C:\Users\magic\IdeaProjects\BuySell)
2025-01-27 13:53:11 [main] DEBUG com.Senla.BuySell.BuySellApplication - Running with Spring Boot v3.3.5, Spring v6.1.14
2025-01-27 13:53:11 [main] INFO  com.Senla.BuySell.BuySellApplication - No active profile set, falling back to 1 default profile: "default"
2025-01-27 13:53:12 [main] DEBUG com.Senla.BuySell.security.JwtRequestFilter - Filter 'jwtRequestFilter' configured for use
2025-01-27 13:53:13 [main] INFO  com.Senla.BuySell.BuySellApplication - Started BuySellApplication in 1.588 seconds (process running for 11.704)
2025-01-27 13:53:13 [main] INFO  com.Senla.BuySell.BuySellApplication - Приложение BuySell успешно запущено.
2025-01-27 13:54:50 [main] INFO  com.Senla.BuySell.BuySellApplicationTest - Starting BuySellApplicationTest using Java 22.0.1 with PID 4044 (started by magic in C:\Users\magic\IdeaProjects\BuySell)
2025-01-27 13:54:50 [main] DEBUG com.Senla.BuySell.BuySellApplicationTest - Running with Spring Boot v3.3.5, Spring v6.1.14
2025-01-27 13:54:50 [main] INFO  com.Senla.BuySell.BuySellApplicationTest - No active profile set, falling back to 1 default profile: "default"
2025-01-27 13:54:58 [main] INFO  com.Senla.BuySell.BuySellApplicationTest - Started BuySellApplicationTest in 8.265 seconds (process running for 9.829)
2025-01-27 13:54:58 [main] INFO  com.Senla.BuySell.BuySellApplication - Приложение BuySell запускается...
2025-01-27 13:54:58 [main] INFO  com.Senla.BuySell.BuySellApplication - Starting BuySellApplication using Java 22.0.1 with PID 4044 (started by magic in C:\Users\magic\IdeaProjects\BuySell)
2025-01-27 13:54:58 [main] DEBUG com.Senla.BuySell.BuySellApplication - Running with Spring Boot v3.3.5, Spring v6.1.14
2025-01-27 13:54:58 [main] INFO  com.Senla.BuySell.BuySellApplication - No active profile set, falling back to 1 default profile: "default"
2025-01-27 13:54:59 [main] DEBUG com.Senla.BuySell.security.JwtRequestFilter - Filter 'jwtRequestFilter' configured for use
2025-01-27 13:54:59 [main] INFO  com.Senla.BuySell.BuySellApplication - Started BuySellApplication in 1.668 seconds (process running for 11.743)
2025-01-27 13:54:59 [main] INFO  com.Senla.BuySell.BuySellApplication - Приложение BuySell успешно запущено.
2025-01-27 13:57:49 [main] INFO  com.Senla.BuySell.BuySellApplicationTest - Starting BuySellApplicationTest using Java 22.0.1 with PID 12712 (started by magic in C:\Users\magic\IdeaProjects\BuySell)
2025-01-27 13:57:49 [main] DEBUG com.Senla.BuySell.BuySellApplicationTest - Running with Spring Boot v3.3.5, Spring v6.1.14
2025-01-27 13:57:49 [main] INFO  com.Senla.BuySell.BuySellApplicationTest - No active profile set, falling back to 1 default profile: "default"
2025-01-27 13:57:58 [main] INFO  com.Senla.BuySell.BuySellApplicationTest - Started BuySellApplicationTest in 8.842 seconds (process running for 10.431)
2025-01-27 13:57:58 [main] INFO  com.Senla.BuySell.BuySellApplication - Приложение BuySell запускается...
2025-01-27 13:57:58 [main] INFO  com.Senla.BuySell.BuySellApplication - Starting BuySellApplication using Java 22.0.1 with PID 12712 (started by magic in C:\Users\magic\IdeaProjects\BuySell)
2025-01-27 13:57:58 [main] DEBUG com.Senla.BuySell.BuySellApplication - Running with Spring Boot v3.3.5, Spring v6.1.14
2025-01-27 13:57:58 [main] INFO  com.Senla.BuySell.BuySellApplication - No active profile set, falling back to 1 default profile: "default"
2025-01-27 13:57:59 [main] DEBUG com.Senla.BuySell.security.JwtRequestFilter - Filter 'jwtRequestFilter' configured for use
2025-01-27 13:58:00 [main] INFO  com.Senla.BuySell.BuySellApplication - Started BuySellApplication in 1.853 seconds (process running for 12.563)
2025-01-27 13:58:00 [main] INFO  com.Senla.BuySell.BuySellApplication - Приложение BuySell успешно запущено.
2025-01-27 19:20:34 [main] INFO  com.Senla.BuySell.BuySellApplicationTest - Starting BuySellApplicationTest using Java 22.0.1 with PID 10952 (started by magic in C:\Users\magic\IdeaProjects\BuySell)
2025-01-27 19:20:34 [main] DEBUG com.Senla.BuySell.BuySellApplicationTest - Running with Spring Boot v3.3.5, Spring v6.1.14
2025-01-27 19:20:34 [main] INFO  com.Senla.BuySell.BuySellApplicationTest - No active profile set, falling back to 1 default profile: "default"
2025-01-27 19:20:43 [main] INFO  com.Senla.BuySell.BuySellApplicationTest - Started BuySellApplicationTest in 8.897 seconds (process running for 10.857)
2025-01-27 19:20:43 [main] INFO  com.Senla.BuySell.BuySellApplication - Приложение BuySell запускается...
2025-01-27 19:20:43 [main] INFO  com.Senla.BuySell.BuySellApplication - Starting BuySellApplication using Java 22.0.1 with PID 10952 (started by magic in C:\Users\magic\IdeaProjects\BuySell)
2025-01-27 19:20:43 [main] DEBUG com.Senla.BuySell.BuySellApplication - Running with Spring Boot v3.3.5, Spring v6.1.14
2025-01-27 19:20:43 [main] INFO  com.Senla.BuySell.BuySellApplication - No active profile set, falling back to 1 default profile: "default"
2025-01-27 19:20:44 [main] DEBUG com.Senla.BuySell.security.JwtRequestFilter - Filter 'jwtRequestFilter' configured for use
2025-01-27 19:20:45 [main] INFO  com.Senla.BuySell.BuySellApplication - Started BuySellApplication in 1.709 seconds (process running for 12.871)
2025-01-27 19:20:45 [main] INFO  com.Senla.BuySell.BuySellApplication - Приложение BuySell успешно запущено.
2025-01-27 19:25:49 [main] INFO  com.Senla.BuySell.BuySellApplicationTest - Starting BuySellApplicationTest using Java 22.0.1 with PID 9168 (started by magic in C:\Users\magic\IdeaProjects\BuySell)
2025-01-27 19:25:49 [main] DEBUG com.Senla.BuySell.BuySellApplicationTest - Running with Spring Boot v3.3.5, Spring v6.1.14
2025-01-27 19:25:49 [main] INFO  com.Senla.BuySell.BuySellApplicationTest - No active profile set, falling back to 1 default profile: "default"
2025-01-27 19:25:58 [main] INFO  com.Senla.BuySell.BuySellApplicationTest - Started BuySellApplicationTest in 9.721 seconds (process running for 11.484)
2025-01-27 19:25:59 [main] INFO  com.Senla.BuySell.BuySellApplication - Приложение BuySell запускается...
2025-01-27 19:25:59 [main] INFO  com.Senla.BuySell.BuySellApplication - Starting BuySellApplication using Java 22.0.1 with PID 9168 (started by magic in C:\Users\magic\IdeaProjects\BuySell)
2025-01-27 19:25:59 [main] DEBUG com.Senla.BuySell.BuySellApplication - Running with Spring Boot v3.3.5, Spring v6.1.14
2025-01-27 19:25:59 [main] INFO  com.Senla.BuySell.BuySellApplication - No active profile set, falling back to 1 default profile: "default"
2025-01-27 19:26:00 [main] DEBUG com.Senla.BuySell.security.JwtRequestFilter - Filter 'jwtRequestFilter' configured for use
2025-01-27 19:26:01 [main] INFO  com.Senla.BuySell.BuySellApplication - Started BuySellApplication in 1.974 seconds (process running for 13.82)
2025-01-27 19:26:01 [main] INFO  com.Senla.BuySell.BuySellApplication - Приложение BuySell успешно запущено.
2025-01-27 19:28:45 [main] INFO  com.Senla.BuySell.BuySellApplicationTest - Starting BuySellApplicationTest using Java 22.0.1 with PID 12428 (started by magic in C:\Users\magic\IdeaProjects\BuySell)
2025-01-27 19:28:45 [main] DEBUG com.Senla.BuySell.BuySellApplicationTest - Running with Spring Boot v3.3.5, Spring v6.1.14
2025-01-27 19:28:45 [main] INFO  com.Senla.BuySell.BuySellApplicationTest - No active profile set, falling back to 1 default profile: "default"
2025-01-27 19:28:53 [main] INFO  com.Senla.BuySell.BuySellApplicationTest - Started BuySellApplicationTest in 8.88 seconds (process running for 10.428)
2025-01-27 19:28:54 [main] INFO  com.Senla.BuySell.BuySellApplication - Приложение BuySell запускается...
2025-01-27 19:28:54 [main] INFO  com.Senla.BuySell.BuySellApplication - Starting BuySellApplication using Java 22.0.1 with PID 12428 (started by magic in C:\Users\magic\IdeaProjects\BuySell)
2025-01-27 19:28:54 [main] DEBUG com.Senla.BuySell.BuySellApplication - Running with Spring Boot v3.3.5, Spring v6.1.14
2025-01-27 19:28:54 [main] INFO  com.Senla.BuySell.BuySellApplication - No active profile set, falling back to 1 default profile: "default"
2025-01-27 19:28:55 [main] DEBUG com.Senla.BuySell.security.JwtRequestFilter - Filter 'jwtRequestFilter' configured for use
2025-01-27 19:28:57 [main] INFO  com.Senla.BuySell.BuySellApplication - Started BuySellApplication in 3.188 seconds (process running for 14.031)
2025-01-27 19:28:57 [main] INFO  com.Senla.BuySell.BuySellApplication - Приложение BuySell успешно запущено.
2025-01-27 19:29:10 [main] INFO  com.Senla.BuySell.BuySellApplication - Приложение BuySell запускается...
2025-01-27 19:29:11 [main] INFO  com.Senla.BuySell.BuySellApplication - Starting BuySellApplication v0.0.1 using Java 22.0.1 with PID 3956 (C:\Users\magic\IdeaProjects\BuySell\target\BuySell-0.0.1.jar started by magic in C:\Users\magic\IdeaProjects\BuySell)
2025-01-27 19:29:11 [main] DEBUG com.Senla.BuySell.BuySellApplication - Running with Spring Boot v3.3.5, Spring v6.1.14
2025-01-27 19:29:11 [main] INFO  com.Senla.BuySell.BuySellApplication - No active profile set, falling back to 1 default profile: "default"
2025-01-27 19:29:13 [main] DEBUG com.Senla.BuySell.security.JwtRequestFilter - Filter 'jwtRequestFilter' configured for use
2025-01-27 20:00:54 [main] INFO  com.Senla.BuySell.BuySellApplicationTest - Starting BuySellApplicationTest using Java 22.0.1 with PID 4852 (started by magic in C:\Users\magic\IdeaProjects\BuySell)
2025-01-27 20:00:54 [main] DEBUG com.Senla.BuySell.BuySellApplicationTest - Running with Spring Boot v3.3.5, Spring v6.1.14
2025-01-27 20:00:54 [main] INFO  com.Senla.BuySell.BuySellApplicationTest - No active profile set, falling back to 1 default profile: "default"
2025-01-27 20:02:07 [main] INFO  com.Senla.BuySell.BuySellApplication - Приложение BuySell запускается...
2025-01-27 20:02:07 [main] INFO  com.Senla.BuySell.BuySellApplication - Starting BuySellApplication using Java 22.0.1 with PID 256 (C:\Users\magic\IdeaProjects\BuySell\target\classes started by magic in C:\Users\magic\IdeaProjects\BuySell)
2025-01-27 20:02:07 [main] DEBUG com.Senla.BuySell.BuySellApplication - Running with Spring Boot v3.3.5, Spring v6.1.14
2025-01-27 20:02:07 [main] INFO  com.Senla.BuySell.BuySellApplication - No active profile set, falling back to 1 default profile: "default"
2025-01-27 20:02:11 [main] DEBUG com.Senla.BuySell.security.JwtRequestFilter - Filter 'jwtRequestFilter' configured for use
2025-01-27 20:06:58 [main] INFO  com.Senla.BuySell.BuySellApplicationTest - Starting BuySellApplicationTest using Java 22.0.1 with PID 2652 (started by magic in C:\Users\magic\IdeaProjects\BuySell)
2025-01-27 20:06:58 [main] DEBUG com.Senla.BuySell.BuySellApplicationTest - Running with Spring Boot v3.3.5, Spring v6.1.14
2025-01-27 20:06:58 [main] INFO  com.Senla.BuySell.BuySellApplicationTest - No active profile set, falling back to 1 default profile: "default"
2025-01-27 20:07:08 [main] INFO  com.Senla.BuySell.BuySellApplicationTest - Started BuySellApplicationTest in 10.451 seconds (process running for 12.031)
2025-01-27 20:07:09 [main] INFO  com.Senla.BuySell.BuySellApplication - Приложение BuySell запускается...
2025-01-27 20:07:09 [main] INFO  com.Senla.BuySell.BuySellApplication - Starting BuySellApplication using Java 22.0.1 with PID 2652 (started by magic in C:\Users\magic\IdeaProjects\BuySell)
2025-01-27 20:07:09 [main] DEBUG com.Senla.BuySell.BuySellApplication - Running with Spring Boot v3.3.5, Spring v6.1.14
2025-01-27 20:07:09 [main] INFO  com.Senla.BuySell.BuySellApplication - No active profile set, falling back to 1 default profile: "default"
2025-01-27 20:07:09 [main] DEBUG com.Senla.BuySell.security.JwtRequestFilter - Filter 'jwtRequestFilter' configured for use
2025-01-27 20:07:10 [main] INFO  com.Senla.BuySell.BuySellApplication - Started BuySellApplication in 1.77 seconds (process running for 14.179)
2025-01-27 20:07:10 [main] INFO  com.Senla.BuySell.BuySellApplication - Приложение BuySell успешно запущено.
2025-01-27 20:09:22 [main] INFO  com.Senla.BuySell.BuySellApplication - Приложение BuySell запускается...
2025-01-27 20:09:22 [main] INFO  com.Senla.BuySell.BuySellApplication - Starting BuySellApplication using Java 22.0.1 with PID 7876 (C:\Users\magic\IdeaProjects\BuySell\target\classes started by magic in C:\Users\magic\IdeaProjects\BuySell)
2025-01-27 20:09:22 [main] DEBUG com.Senla.BuySell.BuySellApplication - Running with Spring Boot v3.3.5, Spring v6.1.14
2025-01-27 20:09:22 [main] INFO  com.Senla.BuySell.BuySellApplication - No active profile set, falling back to 1 default profile: "default"
2025-01-27 20:09:25 [main] DEBUG com.Senla.BuySell.security.JwtRequestFilter - Filter 'jwtRequestFilter' configured for use
2025-01-27 20:09:43 [main] INFO  com.Senla.BuySell.BuySellApplication - Приложение BuySell запускается...
2025-01-27 20:09:44 [main] INFO  com.Senla.BuySell.BuySellApplication - Starting BuySellApplication using Java 22.0.1 with PID 9508 (C:\Users\magic\IdeaProjects\BuySell\target\classes started by magic in C:\Users\magic\IdeaProjects\BuySell)
2025-01-27 20:09:44 [main] DEBUG com.Senla.BuySell.BuySellApplication - Running with Spring Boot v3.3.5, Spring v6.1.14
2025-01-27 20:09:44 [main] INFO  com.Senla.BuySell.BuySellApplication - No active profile set, falling back to 1 default profile: "default"
2025-01-27 20:09:46 [main] DEBUG com.Senla.BuySell.security.JwtRequestFilter - Filter 'jwtRequestFilter' configured for use
2025-01-27 20:09:52 [main] INFO  com.Senla.BuySell.BuySellApplication - Started BuySellApplication in 9.161 seconds (process running for 10.359)
2025-01-27 20:09:52 [main] INFO  com.Senla.BuySell.BuySellApplication - Приложение BuySell успешно запущено.
2025-01-27 20:10:30 [http-nio-8080-exec-10] INFO  com.Senla.BuySell.controller.AdController - Получен запрос на получение всех объявлений с параметрами: adType=null, keyword=null, sortBy=default, ascending=true
2025-01-27 20:10:31 [http-nio-8080-exec-10] DEBUG com.Senla.BuySell.controller.AdController - Возвращено 2 объявлений
2025-01-27 20:21:38 [main] INFO  com.Senla.BuySell.BuySellApplicationTest - Starting BuySellApplicationTest using Java 22.0.1 with PID 13504 (started by magic in C:\Users\magic\IdeaProjects\BuySell)
2025-01-27 20:21:38 [main] DEBUG com.Senla.BuySell.BuySellApplicationTest - Running with Spring Boot v3.3.5, Spring v6.1.14
2025-01-27 20:21:38 [main] INFO  com.Senla.BuySell.BuySellApplicationTest - No active profile set, falling back to 1 default profile: "default"
2025-01-27 20:21:47 [main] INFO  com.Senla.BuySell.BuySellApplicationTest - Started BuySellApplicationTest in 9.462 seconds (process running for 10.97)
2025-01-27 20:21:48 [main] INFO  com.Senla.BuySell.BuySellApplication - Приложение BuySell запускается...
2025-01-27 20:21:48 [main] INFO  com.Senla.BuySell.BuySellApplication - Starting BuySellApplication using Java 22.0.1 with PID 13504 (started by magic in C:\Users\magic\IdeaProjects\BuySell)
2025-01-27 20:21:48 [main] DEBUG com.Senla.BuySell.BuySellApplication - Running with Spring Boot v3.3.5, Spring v6.1.14
2025-01-27 20:21:48 [main] INFO  com.Senla.BuySell.BuySellApplication - No active profile set, falling back to 1 default profile: "default"
2025-01-27 20:21:49 [main] DEBUG com.Senla.BuySell.security.JwtRequestFilter - Filter 'jwtRequestFilter' configured for use
2025-01-27 20:21:50 [main] INFO  com.Senla.BuySell.BuySellApplication - Started BuySellApplication in 2.813 seconds (process running for 14.058)
2025-01-27 20:21:50 [main] INFO  com.Senla.BuySell.BuySellApplication - Приложение BuySell успешно запущено.
2025-01-27 22:42:03 [main] INFO  com.Senla.BuySell.BuySellApplication - Приложение BuySell запускается...
2025-01-27 22:42:03 [main] INFO  com.Senla.BuySell.BuySellApplication - Starting BuySellApplication v0.0.1 using Java 22.0.1 with PID 4708 (C:\Users\magic\IdeaProjects\BuySell\target\BuySell-0.0.1.jar started by magic in C:\Users\magic\IdeaProjects\BuySell)
2025-01-27 22:42:03 [main] DEBUG com.Senla.BuySell.BuySellApplication - Running with Spring Boot v3.3.5, Spring v6.1.14
2025-01-27 22:42:03 [main] INFO  com.Senla.BuySell.BuySellApplication - No active profile set, falling back to 1 default profile: "default"
2025-01-27 22:42:06 [main] DEBUG com.Senla.BuySell.security.JwtRequestFilter - Filter 'jwtRequestFilter' configured for use
2025-01-27 22:42:12 [main] INFO  com.Senla.BuySell.BuySellApplication - Started BuySellApplication in 9.075 seconds (process running for 10.394)
2025-01-27 22:42:12 [main] INFO  com.Senla.BuySell.BuySellApplication - Приложение BuySell успешно запущено.
